2025-02-09 14:50:42 - INFO - Start polling
2025-02-09 14:50:42 - INFO - Run polling for bot @odfopjdfiohniodfhopjdfh_bot id=7915533202 - 'ijdsgijsiodgjsiodgjiosg'
2025-02-09 14:51:52 - INFO - Update id=652331117 is handled. Duration 280 ms by bot id=7915533202
2025-02-09 14:51:53 - INFO - Connecting to 149.154.175.53:443/TcpFull...
2025-02-09 14:51:54 - INFO - Connection to 149.154.175.53:443/TcpFull complete!
2025-02-09 14:51:55 - INFO - Starting direct file download in chunks of 131072 at 0, stride 131072
2025-02-09 14:51:56 - INFO - File lives in another DC
2025-02-09 14:51:56 - INFO - Connecting to 149.154.167.41:443/TcpFull...
2025-02-09 14:51:58 - INFO - Connection to 149.154.167.41:443/TcpFull complete!
2025-02-09 14:51:58 - INFO - Exporting auth for new borrowed sender in DcOption(id=2, ip_address='149.154.167.41', port=443, ipv6=False, media_only=False, tcpo_only=False, cdn=False, static=False, this_port_only=False, secret=None)
2025-02-09 14:52:03 - INFO - Disconnecting from 149.154.175.53:443/TcpFull...
2025-02-09 14:52:03 - INFO - Disconnection from 149.154.175.53:443/TcpFull complete!
2025-02-09 14:52:03 - INFO - Disconnecting from 149.154.167.41:443/TcpFull...
2025-02-09 14:52:03 - INFO - Disconnection from 149.154.167.41:443/TcpFull complete!
2025-02-09 14:53:13 - INFO - Connecting to 149.154.175.53:443/TcpFull...
2025-02-09 14:53:13 - INFO - Connection to 149.154.175.53:443/TcpFull complete!
2025-02-09 14:53:14 - INFO - Disconnecting from 149.154.175.53:443/TcpFull...
2025-02-09 14:53:14 - INFO - Disconnection from 149.154.175.53:443/TcpFull complete!
2025-02-09 14:54:15 - INFO - Connecting to 149.154.175.53:443/TcpFull...
2025-02-09 14:54:15 - INFO - Connection to 149.154.175.53:443/TcpFull complete!
2025-02-09 14:54:16 - INFO - Disconnecting from 149.154.175.53:443/TcpFull...
2025-02-09 14:54:16 - INFO - Disconnection from 149.154.175.53:443/TcpFull complete!
2025-02-09 14:55:21 - INFO - Connecting to 149.154.175.53:443/TcpFull...
2025-02-09 14:55:21 - INFO - Connection to 149.154.175.53:443/TcpFull complete!
2025-02-09 14:55:22 - INFO - Disconnecting from 149.154.175.53:443/TcpFull...
2025-02-09 14:55:22 - INFO - Disconnection from 149.154.175.53:443/TcpFull complete!
2025-02-09 14:56:31 - INFO - Connecting to 149.154.175.53:443/TcpFull...
2025-02-09 14:56:32 - INFO - Connection to 149.154.175.53:443/TcpFull complete!
2025-02-09 14:56:32 - INFO - Disconnecting from 149.154.175.53:443/TcpFull...
2025-02-09 14:56:32 - INFO - Disconnection from 149.154.175.53:443/TcpFull complete!
2025-02-09 14:57:41 - INFO - Connecting to 149.154.175.53:443/TcpFull...
2025-02-09 14:57:41 - INFO - Connection to 149.154.175.53:443/TcpFull complete!
2025-02-09 14:57:42 - INFO - Disconnecting from 149.154.175.53:443/TcpFull...
2025-02-09 14:57:42 - INFO - Disconnection from 149.154.175.53:443/TcpFull complete!
2025-02-09 14:58:43 - INFO - Connecting to 149.154.175.53:443/TcpFull...
2025-02-09 14:58:43 - INFO - Connection to 149.154.175.53:443/TcpFull complete!
2025-02-09 14:58:44 - INFO - Disconnecting from 149.154.175.53:443/TcpFull...
2025-02-09 14:58:44 - INFO - Disconnection from 149.154.175.53:443/TcpFull complete!
2025-02-09 14:59:45 - INFO - Connecting to 149.154.175.53:443/TcpFull...
2025-02-09 14:59:45 - INFO - Connection to 149.154.175.53:443/TcpFull complete!
2025-02-09 14:59:46 - INFO - Disconnecting from 149.154.175.53:443/TcpFull...
2025-02-09 14:59:46 - INFO - Disconnection from 149.154.175.53:443/TcpFull complete!
2025-02-09 15:00:52 - INFO - Connecting to 149.154.175.53:443/TcpFull...
2025-02-09 15:00:52 - INFO - Connection to 149.154.175.53:443/TcpFull complete!
2025-02-09 15:00:53 - INFO - Disconnecting from 149.154.175.53:443/TcpFull...
2025-02-09 15:00:53 - INFO - Disconnection from 149.154.175.53:443/TcpFull complete!
2025-02-09 15:01:58 - INFO - Connecting to 149.154.175.53:443/TcpFull...
2025-02-09 15:01:59 - INFO - Connection to 149.154.175.53:443/TcpFull complete!
2025-02-09 15:01:59 - INFO - Disconnecting from 149.154.175.53:443/TcpFull...
2025-02-09 15:01:59 - INFO - Disconnection from 149.154.175.53:443/TcpFull complete!
2025-02-09 15:03:06 - INFO - Connecting to 149.154.175.53:443/TcpFull...
2025-02-09 15:03:06 - INFO - Connection to 149.154.175.53:443/TcpFull complete!
2025-02-09 15:03:07 - INFO - Disconnecting from 149.154.175.53:443/TcpFull...
2025-02-09 15:03:07 - INFO - Disconnection from 149.154.175.53:443/TcpFull complete!
2025-02-09 15:04:08 - INFO - Connecting to 149.154.175.53:443/TcpFull...
2025-02-09 15:04:08 - INFO - Connection to 149.154.175.53:443/TcpFull complete!
2025-02-09 15:04:09 - INFO - Disconnecting from 149.154.175.53:443/TcpFull...
2025-02-09 15:04:09 - INFO - Disconnection from 149.154.175.53:443/TcpFull complete!
2025-02-09 15:05:14 - INFO - Connecting to 149.154.175.53:443/TcpFull...
2025-02-09 15:05:14 - INFO - Connection to 149.154.175.53:443/TcpFull complete!
2025-02-09 15:05:15 - INFO - Disconnecting from 149.154.175.53:443/TcpFull...
2025-02-09 15:05:15 - INFO - Disconnection from 149.154.175.53:443/TcpFull complete!
2025-02-09 15:06:16 - INFO - Connecting to 149.154.175.53:443/TcpFull...
2025-02-09 15:06:16 - INFO - Connection to 149.154.175.53:443/TcpFull complete!
2025-02-09 15:06:17 - INFO - Disconnecting from 149.154.175.53:443/TcpFull...
2025-02-09 15:06:17 - INFO - Disconnection from 149.154.175.53:443/TcpFull complete!
2025-02-09 15:07:19 - INFO - Connecting to 149.154.175.53:443/TcpFull...
2025-02-09 15:07:19 - INFO - Connection to 149.154.175.53:443/TcpFull complete!
2025-02-09 15:07:20 - INFO - Disconnecting from 149.154.175.53:443/TcpFull...
2025-02-09 15:07:20 - INFO - Disconnection from 149.154.175.53:443/TcpFull complete!
2025-02-09 15:08:29 - INFO - Connecting to 149.154.175.53:443/TcpFull...
2025-02-09 15:08:29 - INFO - Connection to 149.154.175.53:443/TcpFull complete!
2025-02-09 15:08:30 - INFO - Disconnecting from 149.154.175.53:443/TcpFull...
2025-02-09 15:08:30 - INFO - Disconnection from 149.154.175.53:443/TcpFull complete!
2025-02-09 15:09:31 - INFO - Connecting to 149.154.175.53:443/TcpFull...
2025-02-09 15:09:31 - INFO - Connection to 149.154.175.53:443/TcpFull complete!
2025-02-09 15:09:32 - INFO - Disconnecting from 149.154.175.53:443/TcpFull...
2025-02-09 15:09:32 - INFO - Disconnection from 149.154.175.53:443/TcpFull complete!
2025-02-09 15:10:38 - INFO - Connecting to 149.154.175.53:443/TcpFull...
2025-02-09 15:10:38 - INFO - Connection to 149.154.175.53:443/TcpFull complete!
2025-02-09 15:10:39 - INFO - Disconnecting from 149.154.175.53:443/TcpFull...
2025-02-09 15:10:39 - INFO - Disconnection from 149.154.175.53:443/TcpFull complete!
2025-02-09 15:11:43 - INFO - Connecting to 149.154.175.53:443/TcpFull...
2025-02-09 15:11:43 - INFO - Connection to 149.154.175.53:443/TcpFull complete!
2025-02-09 15:11:44 - INFO - Disconnecting from 149.154.175.53:443/TcpFull...
2025-02-09 15:11:44 - INFO - Disconnection from 149.154.175.53:443/TcpFull complete!
2025-02-09 15:12:46 - INFO - Connecting to 149.154.175.53:443/TcpFull...
2025-02-09 15:12:46 - INFO - Connection to 149.154.175.53:443/TcpFull complete!
2025-02-09 15:12:47 - INFO - Disconnecting from 149.154.175.53:443/TcpFull...
2025-02-09 15:12:47 - INFO - Disconnection from 149.154.175.53:443/TcpFull complete!
2025-02-09 15:13:52 - INFO - Connecting to 149.154.175.53:443/TcpFull...
2025-02-09 15:13:52 - INFO - Connection to 149.154.175.53:443/TcpFull complete!
2025-02-09 15:13:53 - INFO - Disconnecting from 149.154.175.53:443/TcpFull...
2025-02-09 15:13:53 - INFO - Disconnection from 149.154.175.53:443/TcpFull complete!
2025-02-09 15:14:55 - INFO - Connecting to 149.154.175.53:443/TcpFull...
2025-02-09 15:14:56 - INFO - Connection to 149.154.175.53:443/TcpFull complete!
2025-02-09 15:14:56 - INFO - Disconnecting from 149.154.175.53:443/TcpFull...
2025-02-09 15:14:56 - INFO - Disconnection from 149.154.175.53:443/TcpFull complete!
2025-02-09 15:15:58 - INFO - Connecting to 149.154.175.53:443/TcpFull...
2025-02-09 15:15:58 - INFO - Connection to 149.154.175.53:443/TcpFull complete!
2025-02-09 15:15:59 - INFO - Disconnecting from 149.154.175.53:443/TcpFull...
2025-02-09 15:15:59 - INFO - Disconnection from 149.154.175.53:443/TcpFull complete!
2025-02-09 15:17:00 - INFO - Connecting to 149.154.175.53:443/TcpFull...
2025-02-09 15:17:01 - INFO - Connection to 149.154.175.53:443/TcpFull complete!
2025-02-09 15:17:01 - INFO - Disconnecting from 149.154.175.53:443/TcpFull...
2025-02-09 15:17:01 - INFO - Disconnection from 149.154.175.53:443/TcpFull complete!
2025-02-09 15:18:03 - INFO - Connecting to 149.154.175.53:443/TcpFull...
2025-02-09 15:18:03 - INFO - Connection to 149.154.175.53:443/TcpFull complete!
2025-02-09 15:18:04 - INFO - Disconnecting from 149.154.175.53:443/TcpFull...
2025-02-09 15:18:04 - INFO - Disconnection from 149.154.175.53:443/TcpFull complete!
2025-02-09 15:19:06 - INFO - Connecting to 149.154.175.53:443/TcpFull...
2025-02-09 15:19:06 - INFO - Connection to 149.154.175.53:443/TcpFull complete!
2025-02-09 15:19:07 - INFO - Disconnecting from 149.154.175.53:443/TcpFull...
2025-02-09 15:19:07 - INFO - Disconnection from 149.154.175.53:443/TcpFull complete!
2025-02-09 15:20:08 - INFO - Connecting to 149.154.175.53:443/TcpFull...
2025-02-09 15:20:08 - INFO - Connection to 149.154.175.53:443/TcpFull complete!
2025-02-09 15:20:09 - INFO - Disconnecting from 149.154.175.53:443/TcpFull...
2025-02-09 15:20:09 - INFO - Disconnection from 149.154.175.53:443/TcpFull complete!
2025-02-09 15:21:12 - INFO - Connecting to 149.154.175.53:443/TcpFull...
2025-02-09 15:21:12 - INFO - Connection to 149.154.175.53:443/TcpFull complete!
2025-02-09 15:21:13 - INFO - Disconnecting from 149.154.175.53:443/TcpFull...
2025-02-09 15:21:13 - INFO - Disconnection from 149.154.175.53:443/TcpFull complete!
2025-02-09 15:22:19 - INFO - Connecting to 149.154.175.53:443/TcpFull...
2025-02-09 15:22:19 - INFO - Connection to 149.154.175.53:443/TcpFull complete!
2025-02-09 15:22:20 - INFO - Disconnecting from 149.154.175.53:443/TcpFull...
2025-02-09 15:22:20 - INFO - Disconnection from 149.154.175.53:443/TcpFull complete!
2025-02-09 15:23:26 - INFO - Connecting to 149.154.175.53:443/TcpFull...
2025-02-09 15:23:27 - INFO - Connection to 149.154.175.53:443/TcpFull complete!
2025-02-09 15:23:27 - INFO - Disconnecting from 149.154.175.53:443/TcpFull...
2025-02-09 15:23:27 - INFO - Disconnection from 149.154.175.53:443/TcpFull complete!
2025-02-09 15:24:29 - INFO - Connecting to 149.154.175.53:443/TcpFull...
2025-02-09 15:24:30 - INFO - Connection to 149.154.175.53:443/TcpFull complete!
2025-02-09 15:24:31 - INFO - Disconnecting from 149.154.175.53:443/TcpFull...
2025-02-09 15:24:31 - INFO - Disconnection from 149.154.175.53:443/TcpFull complete!
2025-02-09 15:25:32 - INFO - Connecting to 149.154.175.53:443/TcpFull...
2025-02-09 15:25:32 - INFO - Connection to 149.154.175.53:443/TcpFull complete!
2025-02-09 15:25:33 - INFO - Disconnecting from 149.154.175.53:443/TcpFull...
2025-02-09 15:25:33 - INFO - Disconnection from 149.154.175.53:443/TcpFull complete!
2025-02-09 15:26:34 - INFO - Connecting to 149.154.175.53:443/TcpFull...
2025-02-09 15:26:34 - INFO - Connection to 149.154.175.53:443/TcpFull complete!
2025-02-09 15:26:35 - INFO - Disconnecting from 149.154.175.53:443/TcpFull...
2025-02-09 15:26:35 - INFO - Disconnection from 149.154.175.53:443/TcpFull complete!
2025-02-09 15:27:36 - INFO - Connecting to 149.154.175.53:443/TcpFull...
2025-02-09 15:27:36 - INFO - Connection to 149.154.175.53:443/TcpFull complete!
2025-02-09 15:27:37 - INFO - Disconnecting from 149.154.175.53:443/TcpFull...
2025-02-09 15:27:37 - INFO - Disconnection from 149.154.175.53:443/TcpFull complete!
2025-02-09 15:28:39 - INFO - Connecting to 149.154.175.53:443/TcpFull...
2025-02-09 15:28:39 - INFO - Connection to 149.154.175.53:443/TcpFull complete!
2025-02-09 15:28:40 - INFO - Disconnecting from 149.154.175.53:443/TcpFull...
2025-02-09 15:28:40 - INFO - Disconnection from 149.154.175.53:443/TcpFull complete!
2025-02-09 15:29:46 - INFO - Connecting to 149.154.175.53:443/TcpFull...
2025-02-09 15:29:46 - INFO - Connection to 149.154.175.53:443/TcpFull complete!
2025-02-09 15:29:47 - INFO - Disconnecting from 149.154.175.53:443/TcpFull...
2025-02-09 15:29:47 - INFO - Disconnection from 149.154.175.53:443/TcpFull complete!
2025-02-09 15:30:53 - INFO - Connecting to 149.154.175.53:443/TcpFull...
2025-02-09 15:30:54 - INFO - Connection to 149.154.175.53:443/TcpFull complete!
2025-02-09 15:30:54 - INFO - Disconnecting from 149.154.175.53:443/TcpFull...
2025-02-09 15:30:54 - INFO - Disconnection from 149.154.175.53:443/TcpFull complete!
2025-02-09 15:32:00 - INFO - Connecting to 149.154.175.53:443/TcpFull...
2025-02-09 15:32:00 - INFO - Connection to 149.154.175.53:443/TcpFull complete!
2025-02-09 15:32:01 - INFO - Disconnecting from 149.154.175.53:443/TcpFull...
2025-02-09 15:32:01 - INFO - Disconnection from 149.154.175.53:443/TcpFull complete!
2025-02-09 15:33:05 - INFO - Connecting to 149.154.175.53:443/TcpFull...
2025-02-09 15:33:06 - INFO - Connection to 149.154.175.53:443/TcpFull complete!
2025-02-09 15:33:06 - INFO - Disconnecting from 149.154.175.53:443/TcpFull...
2025-02-09 15:33:06 - INFO - Disconnection from 149.154.175.53:443/TcpFull complete!
2025-02-09 15:34:08 - INFO - Connecting to 149.154.175.53:443/TcpFull...
2025-02-09 15:34:08 - INFO - Connection to 149.154.175.53:443/TcpFull complete!
2025-02-09 15:34:09 - INFO - Disconnecting from 149.154.175.53:443/TcpFull...
2025-02-09 15:34:09 - INFO - Disconnection from 149.154.175.53:443/TcpFull complete!
2025-02-09 15:35:10 - INFO - Connecting to 149.154.175.53:443/TcpFull...
2025-02-09 15:35:11 - INFO - Connection to 149.154.175.53:443/TcpFull complete!
2025-02-09 15:35:11 - INFO - Disconnecting from 149.154.175.53:443/TcpFull...
2025-02-09 15:35:11 - INFO - Disconnection from 149.154.175.53:443/TcpFull complete!
2025-02-09 15:36:17 - INFO - Connecting to 149.154.175.53:443/TcpFull...
2025-02-09 15:36:18 - INFO - Connection to 149.154.175.53:443/TcpFull complete!
2025-02-09 15:36:18 - INFO - Disconnecting from 149.154.175.53:443/TcpFull...
2025-02-09 15:36:18 - INFO - Disconnection from 149.154.175.53:443/TcpFull complete!
2025-02-09 15:37:25 - INFO - Connecting to 149.154.175.53:443/TcpFull...
2025-02-09 15:37:25 - INFO - Connection to 149.154.175.53:443/TcpFull complete!
2025-02-09 15:37:26 - INFO - Starting direct file download in chunks of 131072 at 0, stride 131072
2025-02-09 15:37:26 - INFO - File lives in another DC
2025-02-09 15:37:26 - INFO - Connecting to 149.154.167.41:443/TcpFull...
2025-02-09 15:37:28 - INFO - Connection to 149.154.167.41:443/TcpFull complete!
2025-02-09 15:37:28 - INFO - Exporting auth for new borrowed sender in DcOption(id=2, ip_address='149.154.167.41', port=443, ipv6=False, media_only=False, tcpo_only=False, cdn=False, static=False, this_port_only=False, secret=None)
2025-02-09 15:37:36 - INFO - Disconnecting from 149.154.175.53:443/TcpFull...
2025-02-09 15:37:36 - INFO - Disconnection from 149.154.175.53:443/TcpFull complete!
2025-02-09 15:37:36 - INFO - Disconnecting from 149.154.167.41:443/TcpFull...
2025-02-09 15:37:36 - INFO - Disconnection from 149.154.167.41:443/TcpFull complete!
2025-02-09 15:38:42 - INFO - Connecting to 149.154.175.53:443/TcpFull...
2025-02-09 15:38:42 - INFO - Connection to 149.154.175.53:443/TcpFull complete!
2025-02-09 15:38:43 - INFO - Disconnecting from 149.154.175.53:443/TcpFull...
2025-02-09 15:38:43 - INFO - Disconnection from 149.154.175.53:443/TcpFull complete!
2025-02-09 15:39:44 - INFO - Connecting to 149.154.175.53:443/TcpFull...
2025-02-09 15:39:44 - INFO - Connection to 149.154.175.53:443/TcpFull complete!
2025-02-09 15:39:45 - INFO - Disconnecting from 149.154.175.53:443/TcpFull...
2025-02-09 15:39:45 - INFO - Disconnection from 149.154.175.53:443/TcpFull complete!
2025-02-09 15:40:51 - INFO - Connecting to 149.154.175.53:443/TcpFull...
2025-02-09 15:40:51 - INFO - Connection to 149.154.175.53:443/TcpFull complete!
2025-02-09 15:40:52 - INFO - Disconnecting from 149.154.175.53:443/TcpFull...
2025-02-09 15:40:52 - INFO - Disconnection from 149.154.175.53:443/TcpFull complete!
2025-02-09 15:41:56 - INFO - Connecting to 149.154.175.53:443/TcpFull...
2025-02-09 15:41:57 - INFO - Connection to 149.154.175.53:443/TcpFull complete!
2025-02-09 15:41:57 - INFO - Disconnecting from 149.154.175.53:443/TcpFull...
2025-02-09 15:41:57 - INFO - Disconnection from 149.154.175.53:443/TcpFull complete!
2025-02-09 15:42:59 - INFO - Connecting to 149.154.175.53:443/TcpFull...
2025-02-09 15:42:59 - INFO - Connection to 149.154.175.53:443/TcpFull complete!
2025-02-09 15:43:00 - INFO - Disconnecting from 149.154.175.53:443/TcpFull...
2025-02-09 15:43:00 - INFO - Disconnection from 149.154.175.53:443/TcpFull complete!
2025-02-09 15:44:01 - INFO - Connecting to 149.154.175.53:443/TcpFull...
2025-02-09 15:44:01 - INFO - Connection to 149.154.175.53:443/TcpFull complete!
2025-02-09 15:44:02 - INFO - Disconnecting from 149.154.175.53:443/TcpFull...
2025-02-09 15:44:02 - INFO - Disconnection from 149.154.175.53:443/TcpFull complete!
2025-02-09 15:45:06 - INFO - Connecting to 149.154.175.53:443/TcpFull...
2025-02-09 15:45:06 - INFO - Connection to 149.154.175.53:443/TcpFull complete!
2025-02-09 15:45:07 - INFO - Disconnecting from 149.154.175.53:443/TcpFull...
2025-02-09 15:45:07 - INFO - Disconnection from 149.154.175.53:443/TcpFull complete!
2025-02-09 15:46:08 - INFO - Connecting to 149.154.175.53:443/TcpFull...
2025-02-09 15:46:08 - INFO - Connection to 149.154.175.53:443/TcpFull complete!
2025-02-09 15:46:09 - INFO - Disconnecting from 149.154.175.53:443/TcpFull...
2025-02-09 15:46:09 - INFO - Disconnection from 149.154.175.53:443/TcpFull complete!
2025-02-09 15:47:15 - INFO - Connecting to 149.154.175.53:443/TcpFull...
2025-02-09 15:47:16 - INFO - Connection to 149.154.175.53:443/TcpFull complete!
2025-02-09 15:47:16 - INFO - Disconnecting from 149.154.175.53:443/TcpFull...
2025-02-09 15:47:16 - INFO - Disconnection from 149.154.175.53:443/TcpFull complete!
2025-02-09 15:48:25 - INFO - Connecting to 149.154.175.53:443/TcpFull...
2025-02-09 15:48:26 - INFO - Connection to 149.154.175.53:443/TcpFull complete!
2025-02-09 15:48:26 - INFO - Disconnecting from 149.154.175.53:443/TcpFull...
2025-02-09 15:48:26 - INFO - Disconnection from 149.154.175.53:443/TcpFull complete!
2025-02-09 15:49:28 - INFO - Connecting to 149.154.175.53:443/TcpFull...
2025-02-09 15:49:28 - INFO - Connection to 149.154.175.53:443/TcpFull complete!
2025-02-09 15:49:29 - INFO - Disconnecting from 149.154.175.53:443/TcpFull...
2025-02-09 15:49:29 - INFO - Disconnection from 149.154.175.53:443/TcpFull complete!
2025-02-09 15:50:34 - INFO - Connecting to 149.154.175.53:443/TcpFull...
2025-02-09 15:50:34 - INFO - Connection to 149.154.175.53:443/TcpFull complete!
2025-02-09 15:50:35 - INFO - Disconnecting from 149.154.175.53:443/TcpFull...
2025-02-09 15:50:35 - INFO - Disconnection from 149.154.175.53:443/TcpFull complete!
2025-02-09 15:51:36 - INFO - Connecting to 149.154.175.53:443/TcpFull...
2025-02-09 15:51:36 - INFO - Connection to 149.154.175.53:443/TcpFull complete!
2025-02-09 15:51:37 - INFO - Disconnecting from 149.154.175.53:443/TcpFull...
2025-02-09 15:51:37 - INFO - Disconnection from 149.154.175.53:443/TcpFull complete!
2025-02-09 15:52:38 - INFO - Connecting to 149.154.175.53:443/TcpFull...
2025-02-09 15:52:39 - INFO - Connection to 149.154.175.53:443/TcpFull complete!
2025-02-09 15:52:39 - INFO - Starting direct file download in chunks of 131072 at 0, stride 131072
2025-02-09 15:52:40 - INFO - File lives in another DC
2025-02-09 15:52:40 - INFO - Connecting to 149.154.167.41:443/TcpFull...
2025-02-09 15:52:42 - INFO - Connection to 149.154.167.41:443/TcpFull complete!
2025-02-09 15:52:42 - INFO - Exporting auth for new borrowed sender in DcOption(id=2, ip_address='149.154.167.41', port=443, ipv6=False, media_only=False, tcpo_only=False, cdn=False, static=False, this_port_only=False, secret=None)
2025-02-09 15:52:47 - INFO - Disconnecting from 149.154.175.53:443/TcpFull...
2025-02-09 15:52:47 - INFO - Disconnection from 149.154.175.53:443/TcpFull complete!
2025-02-09 15:52:47 - INFO - Disconnecting from 149.154.167.41:443/TcpFull...
2025-02-09 15:52:47 - INFO - Disconnection from 149.154.167.41:443/TcpFull complete!
2025-02-09 15:53:52 - INFO - Connecting to 149.154.175.53:443/TcpFull...
2025-02-09 15:53:53 - INFO - Connection to 149.154.175.53:443/TcpFull complete!
2025-02-09 15:53:54 - INFO - Disconnecting from 149.154.175.53:443/TcpFull...
2025-02-09 15:53:54 - INFO - Disconnection from 149.154.175.53:443/TcpFull complete!
2025-02-09 15:54:58 - INFO - Connecting to 149.154.175.53:443/TcpFull...
2025-02-09 15:54:59 - INFO - Connection to 149.154.175.53:443/TcpFull complete!
2025-02-09 15:55:00 - INFO - Starting direct file download in chunks of 131072 at 0, stride 131072
2025-02-09 15:55:00 - INFO - File lives in another DC
2025-02-09 15:55:00 - INFO - Connecting to 149.154.167.41:443/TcpFull...
2025-02-09 15:55:03 - INFO - Connection to 149.154.167.41:443/TcpFull complete!
2025-02-09 15:55:03 - INFO - Exporting auth for new borrowed sender in DcOption(id=2, ip_address='149.154.167.41', port=443, ipv6=False, media_only=False, tcpo_only=False, cdn=False, static=False, this_port_only=False, secret=None)
2025-02-09 15:55:14 - INFO - Disconnecting from 149.154.175.53:443/TcpFull...
2025-02-09 15:55:14 - INFO - Disconnection from 149.154.175.53:443/TcpFull complete!
2025-02-09 15:55:14 - INFO - Disconnecting from 149.154.167.41:443/TcpFull...
2025-02-09 15:55:14 - INFO - Disconnection from 149.154.167.41:443/TcpFull complete!
2025-02-09 15:56:15 - INFO - Connecting to 149.154.175.53:443/TcpFull...
2025-02-09 15:56:15 - INFO - Connection to 149.154.175.53:443/TcpFull complete!
2025-02-09 15:56:16 - INFO - Disconnecting from 149.154.175.53:443/TcpFull...
2025-02-09 15:56:16 - INFO - Disconnection from 149.154.175.53:443/TcpFull complete!
2025-02-09 15:57:21 - INFO - Connecting to 149.154.175.53:443/TcpFull...
2025-02-09 15:57:21 - INFO - Connection to 149.154.175.53:443/TcpFull complete!
2025-02-09 15:57:22 - INFO - Disconnecting from 149.154.175.53:443/TcpFull...
2025-02-09 15:57:22 - INFO - Disconnection from 149.154.175.53:443/TcpFull complete!
2025-02-09 15:58:24 - INFO - Connecting to 149.154.175.53:443/TcpFull...
2025-02-09 15:58:24 - INFO - Connection to 149.154.175.53:443/TcpFull complete!
2025-02-09 15:58:25 - INFO - Disconnecting from 149.154.175.53:443/TcpFull...
2025-02-09 15:58:25 - INFO - Disconnection from 149.154.175.53:443/TcpFull complete!
2025-02-09 15:59:29 - INFO - Connecting to 149.154.175.53:443/TcpFull...
2025-02-09 15:59:29 - INFO - Connection to 149.154.175.53:443/TcpFull complete!
2025-02-09 15:59:30 - INFO - Disconnecting from 149.154.175.53:443/TcpFull...
2025-02-09 15:59:30 - INFO - Disconnection from 149.154.175.53:443/TcpFull complete!
2025-02-09 15:59:31 - INFO - Update id=652331118 is not handled. Duration 4057625 ms by bot id=7915533202
2025-02-09 15:59:31 - ERROR - Cause exception while process update id=652331118 by bot id=7915533202
JSONDecodeError: Expecting value: line 1 column 1 (char 0)
Traceback (most recent call last):
  File "c:\Users\RUSTYCHKA\AppData\Local\Programs\Python\Python312\Lib\site-packages\requests\models.py", line 974, in json
    return complexjson.loads(self.text, **kwargs)
           ^^^^^^^^^^^^^^^^^^^^^^^^^^^^^^^^^^^^^^
  File "c:\Users\RUSTYCHKA\AppData\Local\Programs\Python\Python312\Lib\json\__init__.py", line 346, in loads
    return _default_decoder.decode(s)
           ^^^^^^^^^^^^^^^^^^^^^^^^^^
  File "c:\Users\RUSTYCHKA\AppData\Local\Programs\Python\Python312\Lib\json\decoder.py", line 337, in decode
    obj, end = self.raw_decode(s, idx=_w(s, 0).end())
               ^^^^^^^^^^^^^^^^^^^^^^^^^^^^^^^^^^^^^^
  File "c:\Users\RUSTYCHKA\AppData\Local\Programs\Python\Python312\Lib\json\decoder.py", line 355, in raw_decode
    raise JSONDecodeError("Expecting value", s, err.value) from None
json.decoder.JSONDecodeError: Expecting value: line 1 column 1 (char 0)

During handling of the above exception, another exception occurred:

Traceback (most recent call last):
  File "c:\Users\RUSTYCHKA\AppData\Local\Programs\Python\Python312\Lib\site-packages\aiogram\dispatcher\dispatcher.py", line 309, in _process_update
    response = await self.feed_update(bot, update, **kwargs)
               ^^^^^^^^^^^^^^^^^^^^^^^^^^^^^^^^^^^^^^^^^^^^^
  File "c:\Users\RUSTYCHKA\AppData\Local\Programs\Python\Python312\Lib\site-packages\aiogram\dispatcher\dispatcher.py", line 158, in feed_update
    response = await self.update.wrap_outer_middleware(
               ^^^^^^^^^^^^^^^^^^^^^^^^^^^^^^^^^^^^^^^^
  File "c:\Users\RUSTYCHKA\AppData\Local\Programs\Python\Python312\Lib\site-packages\aiogram\dispatcher\middlewares\error.py", line 25, in __call__
    return await handler(event, data)
           ^^^^^^^^^^^^^^^^^^^^^^^^^^
  File "c:\Users\RUSTYCHKA\AppData\Local\Programs\Python\Python312\Lib\site-packages\aiogram\dispatcher\middlewares\user_context.py", line 27, in __call__
    return await handler(event, data)
           ^^^^^^^^^^^^^^^^^^^^^^^^^^
  File "c:\Users\RUSTYCHKA\AppData\Local\Programs\Python\Python312\Lib\site-packages\aiogram\fsm\middleware.py", line 41, in __call__
    return await handler(event, data)
           ^^^^^^^^^^^^^^^^^^^^^^^^^^
  File "c:\Users\RUSTYCHKA\AppData\Local\Programs\Python\Python312\Lib\site-packages\aiogram\dispatcher\event\telegram.py", line 121, in trigger
    return await wrapped_inner(event, kwargs)
           ^^^^^^^^^^^^^^^^^^^^^^^^^^^^^^^^^^
  File "c:\Users\RUSTYCHKA\AppData\Local\Programs\Python\Python312\Lib\site-packages\aiogram\dispatcher\event\handler.py", line 43, in call
    return await wrapped()
           ^^^^^^^^^^^^^^^
  File "c:\Users\RUSTYCHKA\AppData\Local\Programs\Python\Python312\Lib\site-packages\aiogram\dispatcher\dispatcher.py", line 276, in _listen_update
    return await self.propagate_event(update_type=update_type, event=event, **kwargs)
           ^^^^^^^^^^^^^^^^^^^^^^^^^^^^^^^^^^^^^^^^^^^^^^^^^^^^^^^^^^^^^^^^^^^^^^^^^^
  File "c:\Users\RUSTYCHKA\AppData\Local\Programs\Python\Python312\Lib\site-packages\aiogram\dispatcher\router.py", line 128, in propagate_event
    return await observer.wrap_outer_middleware(_wrapped, event=event, data=kwargs)
           ^^^^^^^^^^^^^^^^^^^^^^^^^^^^^^^^^^^^^^^^^^^^^^^^^^^^^^^^^^^^^^^^^^^^^^^^
  File "c:\Users\RUSTYCHKA\AppData\Local\Programs\Python\Python312\Lib\site-packages\aiogram\dispatcher\router.py", line 123, in _wrapped
    return await self._propagate_event(
           ^^^^^^^^^^^^^^^^^^^^^^^^^^^^
  File "c:\Users\RUSTYCHKA\AppData\Local\Programs\Python\Python312\Lib\site-packages\aiogram\dispatcher\router.py", line 156, in _propagate_event
    response = await router.propagate_event(update_type=update_type, event=event, **kwargs)
               ^^^^^^^^^^^^^^^^^^^^^^^^^^^^^^^^^^^^^^^^^^^^^^^^^^^^^^^^^^^^^^^^^^^^^^^^^^^^
  File "c:\Users\RUSTYCHKA\AppData\Local\Programs\Python\Python312\Lib\site-packages\aiogram\dispatcher\router.py", line 128, in propagate_event
    return await observer.wrap_outer_middleware(_wrapped, event=event, data=kwargs)
           ^^^^^^^^^^^^^^^^^^^^^^^^^^^^^^^^^^^^^^^^^^^^^^^^^^^^^^^^^^^^^^^^^^^^^^^^
  File "c:\Users\RUSTYCHKA\AppData\Local\Programs\Python\Python312\Lib\site-packages\aiogram\dispatcher\router.py", line 123, in _wrapped
    return await self._propagate_event(
           ^^^^^^^^^^^^^^^^^^^^^^^^^^^^
  File "c:\Users\RUSTYCHKA\AppData\Local\Programs\Python\Python312\Lib\site-packages\aiogram\dispatcher\router.py", line 148, in _propagate_event
    response = await observer.trigger(event, **kwargs)
               ^^^^^^^^^^^^^^^^^^^^^^^^^^^^^^^^^^^^^^^
  File "c:\Users\RUSTYCHKA\AppData\Local\Programs\Python\Python312\Lib\site-packages\aiogram\dispatcher\event\telegram.py", line 121, in trigger
    return await wrapped_inner(event, kwargs)
           ^^^^^^^^^^^^^^^^^^^^^^^^^^^^^^^^^^
  File "c:\Users\RUSTYCHKA\AppData\Local\Programs\Python\Python312\Lib\site-packages\aiogram\dispatcher\event\handler.py", line 43, in call
    return await wrapped()
           ^^^^^^^^^^^^^^^
  File "C:\Users\RUSTYCHKA\Desktop\new_vk_project\handlers\start.py", line 230, in start_callback
    media = upload.photo(
            ^^^^^^^^^^^^^
  File "c:\Users\RUSTYCHKA\AppData\Local\Programs\Python\Python312\Lib\site-packages\vk_api\upload.py", line 72, in photo
    response = self.http.post(url, files=photo_files).json()
               ^^^^^^^^^^^^^^^^^^^^^^^^^^^^^^^^^^^^^^^^^^^^^
  File "c:\Users\RUSTYCHKA\AppData\Local\Programs\Python\Python312\Lib\site-packages\requests\models.py", line 978, in json
    raise RequestsJSONDecodeError(e.msg, e.doc, e.pos)
requests.exceptions.JSONDecodeError: Expecting value: line 1 column 1 (char 0)
